2026-01-29 16:15:15.592 [info] [main] Log level: Info
2026-01-29 16:15:15.592 [info] [main] Validating found git in: "git"
2026-01-29 16:15:15.592 [info] [main] Using git "2.52.0" from "git"
2026-01-29 16:15:15.592 [info] [Model][doInitialScan] Initial repository scan started
2026-01-29 16:15:15.592 [info] > git rev-parse --show-toplevel [6ms]
2026-01-29 16:15:15.592 [info] fatal: not a git repository (or any of the parent directories): .git
2026-01-29 16:15:15.592 [info] > git rev-parse --show-toplevel [1ms]
2026-01-29 16:15:15.592 [info] fatal: not a git repository (or any of the parent directories): .git
2026-01-29 16:15:15.592 [info] > git rev-parse --show-toplevel [1ms]
2026-01-29 16:15:15.592 [info] fatal: not a git repository (or any of the parent directories): .git
2026-01-29 16:15:15.592 [info] [Model][doInitialScan] Initial repository scan completed - repositories (0), closed repositories (0), parent repositories (0), unsafe repositories (0)
2026-01-29 16:15:15.680 [info] > git rev-parse --show-toplevel [2ms]
2026-01-29 16:15:15.680 [info] fatal: not a git repository (or any of the parent directories): .git
2026-01-29 16:15:15.715 [info] > git rev-parse --show-toplevel [1ms]
2026-01-29 16:15:15.715 [info] fatal: not a git repository (or any of the parent directories): .git
2026-01-29 16:15:16.065 [info] > git rev-parse --show-toplevel [1ms]
2026-01-29 16:15:16.065 [info] fatal: not a git repository (or any of the parent directories): .git
2026-01-29 16:15:16.075 [info] > git rev-parse --show-toplevel [1ms]
2026-01-29 16:15:16.075 [info] fatal: not a git repository (or any of the parent directories): .git
2026-01-29 16:15:17.462 [info] > git rev-parse --show-toplevel [1ms]
2026-01-29 16:15:17.462 [info] fatal: not a git repository (or any of the parent directories): .git
2026-01-29 16:16:34.916 [info] > git rev-parse --show-toplevel [1ms]
2026-01-29 16:16:34.916 [info] fatal: not a git repository (or any of the parent directories): .git
