2026-01-29 12:10:17.958 [info] Extension host with pid 13450 started
2026-01-29 12:10:17.958 [info] Skipping acquiring lock for /home/kys/.config/Code/User/workspaceStorage/16e6494b6a877491d0fad7a12bc8cead.
2026-01-29 12:10:18.034 [info] ExtensionService#_doActivateExtension vscode.github-authentication, startup: false, activationEvent: 'onAuthenticationRequest:github'
2026-01-29 12:10:18.054 [info] ExtensionService#_doActivateExtension vscode.emmet, startup: false, activationEvent: 'onLanguage'
2026-01-29 12:10:18.070 [info] ExtensionService#_doActivateExtension vscode.css-language-features, startup: false, activationEvent: 'onLanguage:css'
2026-01-29 12:10:18.103 [info] ExtensionService#_doActivateExtension bierner.color-info, startup: false, activationEvent: 'onLanguage:css'
2026-01-29 12:10:18.338 [info] ExtensionService#_doActivateExtension vscode.git-base, startup: true, activationEvent: '*', root cause: vscode.git
2026-01-29 12:10:18.354 [info] ExtensionService#_doActivateExtension vscode.git, startup: true, activationEvent: '*'
2026-01-29 12:10:18.394 [info] ExtensionService#_doActivateExtension vscode.github, startup: true, activationEvent: '*'
2026-01-29 12:10:18.488 [info] Eager extensions activated
2026-01-29 12:10:18.496 [info] ExtensionService#_doActivateExtension vscode.debug-auto-launch, startup: false, activationEvent: 'onStartupFinished'
2026-01-29 12:10:18.497 [info] ExtensionService#_doActivateExtension vscode.merge-conflict, startup: false, activationEvent: 'onStartupFinished'
2026-01-29 12:10:18.510 [info] ExtensionService#_doActivateExtension PKief.material-icon-theme, startup: false, activationEvent: 'onStartupFinished'
2026-01-29 12:10:18.520 [info] ExtensionService#_doActivateExtension rakib13332.material-code, startup: false, activationEvent: 'onStartupFinished'
2026-01-29 12:10:25.376 [info] Extension host terminating: renderer closed the MessagePort
2026-01-29 12:10:25.388 [info] Extension host with pid 13450 exiting with code 0
2026-01-29 12:10:26.145 [info] Extension host with pid 13776 started
2026-01-29 12:10:26.145 [info] Skipping acquiring lock for /home/kys/.config/Code/User/workspaceStorage/54a6691e1839a632ea3802a4405ae466.
2026-01-29 12:10:26.188 [info] ExtensionService#_doActivateExtension vscode.github-authentication, startup: false, activationEvent: 'onAuthenticationRequest:github'
2026-01-29 12:10:26.211 [info] ExtensionService#_doActivateExtension vscode.emmet, startup: false, activationEvent: 'onLanguage'
2026-01-29 12:10:26.225 [info] ExtensionService#_doActivateExtension vscode.configuration-editing, startup: false, activationEvent: 'onLanguage:json'
2026-01-29 12:10:26.233 [info] ExtensionService#_doActivateExtension vscode.extension-editing, startup: false, activationEvent: 'onLanguage:json'
2026-01-29 12:10:26.242 [info] ExtensionService#_doActivateExtension vscode.json-language-features, startup: false, activationEvent: 'onLanguage:json'
2026-01-29 12:10:26.287 [info] ExtensionService#_doActivateExtension vscode.npm, startup: false, activationEvent: 'onLanguage:json'
2026-01-29 12:10:26.481 [info] ExtensionService#_doActivateExtension vscode.git-base, startup: true, activationEvent: '*', root cause: vscode.git
2026-01-29 12:10:26.486 [info] ExtensionService#_doActivateExtension vscode.git, startup: true, activationEvent: '*'
2026-01-29 12:10:26.521 [info] ExtensionService#_doActivateExtension vscode.github, startup: true, activationEvent: '*'
2026-01-29 12:10:26.611 [info] Eager extensions activated
2026-01-29 12:10:26.612 [info] ExtensionService#_doActivateExtension vscode.debug-auto-launch, startup: false, activationEvent: 'onStartupFinished'
2026-01-29 12:10:26.614 [info] ExtensionService#_doActivateExtension vscode.merge-conflict, startup: false, activationEvent: 'onStartupFinished'
2026-01-29 12:10:26.626 [info] ExtensionService#_doActivateExtension bierner.color-info, startup: false, activationEvent: 'onStartupFinished'
2026-01-29 12:10:26.629 [info] ExtensionService#_doActivateExtension PKief.material-icon-theme, startup: false, activationEvent: 'onStartupFinished'
2026-01-29 12:10:26.638 [info] ExtensionService#_doActivateExtension rakib13332.material-code, startup: false, activationEvent: 'onStartupFinished'
2026-01-29 12:10:40.543 [info] ExtensionService#_doActivateExtension vscode.css-language-features, startup: false, activationEvent: 'onLanguage:css'
2026-01-29 12:20:29.600 [info] Extension host terminating: renderer closed the MessagePort
2026-01-29 12:20:29.615 [info] Extension host with pid 13776 exiting with code 0
