2026-01-30 03:00:18.228 [info] [main] Log level: Info
2026-01-30 03:00:18.228 [info] [main] Validating found git in: "git"
2026-01-30 03:00:18.228 [info] [main] Using git "2.52.0" from "git"
2026-01-30 03:00:18.228 [info] [Model][doInitialScan] Initial repository scan started
2026-01-30 03:00:18.228 [info] [Model][doInitialScan] Initial repository scan completed - repositories (0), closed repositories (0), parent repositories (0), unsafe repositories (0)
2026-01-30 03:00:24.987 [info] [main] Log level: Info
2026-01-30 03:00:25.000 [info] [main] Validating found git in: "git"
2026-01-30 03:00:25.001 [info] [main] Using git "2.52.0" from "git"
2026-01-30 03:00:25.001 [info] [Model][doInitialScan] Initial repository scan started
2026-01-30 03:00:25.001 [info] > git rev-parse --show-toplevel [13ms]
2026-01-30 03:00:25.001 [info] fatal: not a git repository (or any of the parent directories): .git
2026-01-30 03:00:25.001 [info] > git rev-parse --show-toplevel [16ms]
2026-01-30 03:00:25.001 [info] fatal: not a git repository (or any of the parent directories): .git
2026-01-30 03:00:25.005 [info] > git rev-parse --show-toplevel [1ms]
2026-01-30 03:00:25.005 [info] fatal: not a git repository (or any of the parent directories): .git
2026-01-30 03:00:25.026 [info] > git rev-parse --show-toplevel [18ms]
2026-01-30 03:00:25.026 [info] fatal: not a git repository (or any of the parent directories): .git
2026-01-30 03:00:25.028 [info] [Model][doInitialScan] Initial repository scan completed - repositories (0), closed repositories (0), parent repositories (0), unsafe repositories (0)
2026-01-30 03:00:25.065 [info] > git rev-parse --show-toplevel [31ms]
2026-01-30 03:00:25.065 [info] fatal: not a git repository (or any of the parent directories): .git
2026-01-30 03:00:25.086 [info] > git rev-parse --show-toplevel [1ms]
2026-01-30 03:00:25.086 [info] fatal: not a git repository (or any of the parent directories): .git
2026-01-30 03:00:26.273 [info] > git rev-parse --show-toplevel [2ms]
2026-01-30 03:00:26.273 [info] fatal: not a git repository (or any of the parent directories): .git
2026-01-30 03:00:26.858 [info] > git rev-parse --show-toplevel [1ms]
2026-01-30 03:00:26.858 [info] fatal: not a git repository (or any of the parent directories): .git
