2026-01-29 16:17:44.988 [info] Extension host with pid 2416 started
2026-01-29 16:17:44.988 [info] Skipping acquiring lock for /home/kys/.config/Code/User/workspaceStorage/54a6691e1839a632ea3802a4405ae466.
2026-01-29 16:17:45.074 [info] ExtensionService#_doActivateExtension vscode.github-authentication, startup: false, activationEvent: 'onAuthenticationRequest:github'
2026-01-29 16:17:45.097 [info] ExtensionService#_doActivateExtension vscode.emmet, startup: false, activationEvent: 'onLanguage'
2026-01-29 16:17:45.116 [info] ExtensionService#_doActivateExtension vscode.css-language-features, startup: false, activationEvent: 'onLanguage:css'
2026-01-29 16:17:45.161 [info] ExtensionService#_doActivateExtension bierner.color-info, startup: false, activationEvent: 'onLanguage:css'
2026-01-29 16:17:45.409 [info] ExtensionService#_doActivateExtension vscode.git-base, startup: true, activationEvent: '*', root cause: vscode.git
2026-01-29 16:17:45.425 [info] ExtensionService#_doActivateExtension vscode.git, startup: true, activationEvent: '*'
2026-01-29 16:17:45.464 [info] ExtensionService#_doActivateExtension vscode.github, startup: true, activationEvent: '*'
2026-01-29 16:17:45.568 [info] Eager extensions activated
2026-01-29 16:17:45.576 [info] ExtensionService#_doActivateExtension vscode.debug-auto-launch, startup: false, activationEvent: 'onStartupFinished'
2026-01-29 16:17:45.578 [info] ExtensionService#_doActivateExtension vscode.merge-conflict, startup: false, activationEvent: 'onStartupFinished'
2026-01-29 16:17:45.592 [info] ExtensionService#_doActivateExtension PKief.material-icon-theme, startup: false, activationEvent: 'onStartupFinished'
2026-01-29 16:17:45.602 [info] ExtensionService#_doActivateExtension rakib13332.material-code, startup: false, activationEvent: 'onStartupFinished'
2026-01-29 16:17:46.350 [info] ExtensionService#_doActivateExtension vscode.configuration-editing, startup: false, activationEvent: 'onLanguage:json'
2026-01-29 16:17:46.358 [info] ExtensionService#_doActivateExtension vscode.extension-editing, startup: false, activationEvent: 'onLanguage:json'
2026-01-29 16:17:46.368 [info] ExtensionService#_doActivateExtension vscode.json-language-features, startup: false, activationEvent: 'onLanguage:json'
2026-01-29 16:17:46.412 [info] ExtensionService#_doActivateExtension vscode.npm, startup: false, activationEvent: 'onLanguage:json'
2026-01-29 16:26:44.464 [info] Extension host terminating: renderer closed the MessagePort
2026-01-29 16:26:44.478 [info] Extension host with pid 2416 exiting with code 0
2026-01-29 16:26:45.310 [info] Extension host with pid 5460 started
2026-01-29 16:26:45.310 [info] Skipping acquiring lock for /home/kys/.config/Code/User/workspaceStorage/16e6494b6a877491d0fad7a12bc8cead.
2026-01-29 16:26:45.328 [info] ExtensionService#_doActivateExtension vscode.github-authentication, startup: false, activationEvent: 'onAuthenticationRequest:github'
2026-01-29 16:26:45.349 [info] ExtensionService#_doActivateExtension vscode.emmet, startup: false, activationEvent: 'onLanguage'
2026-01-29 16:26:45.363 [info] ExtensionService#_doActivateExtension vscode.css-language-features, startup: false, activationEvent: 'onLanguage:css'
2026-01-29 16:26:45.394 [info] ExtensionService#_doActivateExtension bierner.color-info, startup: false, activationEvent: 'onLanguage:css'
2026-01-29 16:26:45.594 [info] ExtensionService#_doActivateExtension vscode.git-base, startup: true, activationEvent: '*', root cause: vscode.git
2026-01-29 16:26:45.597 [info] ExtensionService#_doActivateExtension vscode.git, startup: true, activationEvent: '*'
2026-01-29 16:26:45.632 [info] ExtensionService#_doActivateExtension vscode.github, startup: true, activationEvent: '*'
2026-01-29 16:26:45.725 [info] Eager extensions activated
2026-01-29 16:26:45.726 [info] ExtensionService#_doActivateExtension vscode.debug-auto-launch, startup: false, activationEvent: 'onStartupFinished'
2026-01-29 16:26:45.728 [info] ExtensionService#_doActivateExtension vscode.merge-conflict, startup: false, activationEvent: 'onStartupFinished'
2026-01-29 16:26:45.740 [info] ExtensionService#_doActivateExtension PKief.material-icon-theme, startup: false, activationEvent: 'onStartupFinished'
2026-01-29 16:26:45.749 [info] ExtensionService#_doActivateExtension rakib13332.material-code, startup: false, activationEvent: 'onStartupFinished'
2026-01-29 17:09:12.850 [info] Extension host terminating: renderer closed the MessagePort
2026-01-29 17:09:12.861 [info] Extension host with pid 5460 exiting with code 0
