2026-01-30 03:00:18.022 [info] Extension host with pid 46100 started
2026-01-30 03:00:18.043 [info] ExtensionService#_doActivateExtension vscode.github-authentication, startup: false, activationEvent: 'onAuthenticationRequest:github'
2026-01-30 03:00:18.115 [info] ExtensionService#_doActivateExtension vscode.git-base, startup: true, activationEvent: '*', root cause: vscode.git
2026-01-30 03:00:18.122 [info] ExtensionService#_doActivateExtension vscode.git, startup: true, activationEvent: '*'
2026-01-30 03:00:18.159 [info] ExtensionService#_doActivateExtension vscode.github, startup: true, activationEvent: '*'
2026-01-30 03:00:18.246 [info] Eager extensions activated
2026-01-30 03:00:18.247 [info] ExtensionService#_doActivateExtension vscode.debug-auto-launch, startup: false, activationEvent: 'onStartupFinished'
2026-01-30 03:00:18.248 [info] ExtensionService#_doActivateExtension vscode.merge-conflict, startup: false, activationEvent: 'onStartupFinished'
2026-01-30 03:00:18.260 [info] ExtensionService#_doActivateExtension bierner.color-info, startup: false, activationEvent: 'onStartupFinished'
2026-01-30 03:00:18.263 [info] ExtensionService#_doActivateExtension PKief.material-icon-theme, startup: false, activationEvent: 'onStartupFinished'
2026-01-30 03:00:18.272 [info] ExtensionService#_doActivateExtension rakib13332.material-code, startup: false, activationEvent: 'onStartupFinished'
2026-01-30 03:00:23.983 [info] Extension host terminating: renderer closed the MessagePort
2026-01-30 03:00:23.997 [info] Extension host with pid 46100 exiting with code 0
2026-01-30 03:00:24.737 [info] Extension host with pid 46746 started
2026-01-30 03:00:24.737 [info] Skipping acquiring lock for /home/kys/.config/Code/User/workspaceStorage/a93adf28562d02ecdc61f69b611fdd0a.
2026-01-30 03:00:24.796 [info] ExtensionService#_doActivateExtension vscode.github-authentication, startup: false, activationEvent: 'onAuthenticationRequest:github'
2026-01-30 03:00:24.818 [info] ExtensionService#_doActivateExtension vscode.emmet, startup: false, activationEvent: 'onLanguage'
2026-01-30 03:00:24.865 [info] ExtensionService#_doActivateExtension vscode.git-base, startup: true, activationEvent: '*', root cause: vscode.git
2026-01-30 03:00:24.880 [info] ExtensionService#_doActivateExtension vscode.git, startup: true, activationEvent: '*'
2026-01-30 03:00:24.920 [info] ExtensionService#_doActivateExtension vscode.github, startup: true, activationEvent: '*'
2026-01-30 03:00:25.025 [info] Eager extensions activated
2026-01-30 03:00:25.035 [info] ExtensionService#_doActivateExtension vscode.debug-auto-launch, startup: false, activationEvent: 'onStartupFinished'
2026-01-30 03:00:25.036 [info] ExtensionService#_doActivateExtension vscode.merge-conflict, startup: false, activationEvent: 'onStartupFinished'
2026-01-30 03:00:25.049 [info] ExtensionService#_doActivateExtension bierner.color-info, startup: false, activationEvent: 'onStartupFinished'
2026-01-30 03:00:25.052 [info] ExtensionService#_doActivateExtension PKief.material-icon-theme, startup: false, activationEvent: 'onStartupFinished'
2026-01-30 03:00:25.061 [info] ExtensionService#_doActivateExtension rakib13332.material-code, startup: false, activationEvent: 'onStartupFinished'
2026-01-30 03:00:34.671 [info] Extension host terminating: renderer closed the MessagePort
2026-01-30 03:00:34.681 [info] Extension host with pid 46746 exiting with code 0
